Arguments: 
  /usr/local/Cellar/node/12.1.0/bin/node /usr/local/Cellar/yarn/1.15.2/libexec/bin/yarn.js init

PATH: 
  /usr/local/bin:/usr/bin:/bin:/usr/sbin:/sbin:/usr/local/share/dotnet:/Library/Frameworks/Mono.framework/Versions/Current/Commands:/Applications/Wireshark.app/Contents/MacOS

Yarn version: 
  1.15.2

Node version: 
  12.1.0

Platform: 
  darwin x64

Trace: 
  Error: canceled
      at Interface.<anonymous> (/usr/local/Cellar/yarn/1.15.2/libexec/lib/cli.js:125801:13)
      at Interface.emit (events.js:196:13)
      at Interface._ttyWrite (readline.js:877:16)
      at ReadStream.onkeypress (readline.js:189:10)
      at ReadStream.emit (events.js:196:13)
      at emitKeys (internal/readline.js:424:14)
      at emitKeys.next (<anonymous>)
      at ReadStream.onData (readline.js:1145:36)
      at ReadStream.emit (events.js:196:13)
      at addChunk (_stream_readable.js:290:12)

npm manifest: 
  {
    "name": "convert-unit",
    "version": "1.0.0",
    "description": "Convert Unit Library",
    "main": "index.js",
    "scripts": {
      "start": "node index.js",
      "test": "echo \"Error: no test specified\" && exit 1"
    },
    "repository": {
      "type": "git",
      "url": "git+https://github.com/agusID/convert-unit-library.git"
    },
    "keywords": [
      "javascript",
      "library"
    ],
    "author": "Dwi Agustianto",
    "license": "MIT",
    "bugs": {
      "url": "https://github.com/agusID/convert-unit-library/issues"
    },
    "homepage": "https://github.com/agusID/convert-unit-library#readme",
    "devDependencies": {
      "flow-bin": "^0.103.0"
    }
  }

yarn manifest: 
  No manifest

Lockfile: 
  # THIS IS AN AUTOGENERATED FILE. DO NOT EDIT THIS FILE DIRECTLY.
  # yarn lockfile v1
  
  
  flow-bin@^0.103.0:
    version "0.103.0"
    resolved "https://registry.yarnpkg.com/flow-bin/-/flow-bin-0.103.0.tgz#7aec510d85e1c1b0f2b912bb988337d70035cb0f"
    integrity sha512-Y3yrnE5ICN1Kl/y10BwjA3JSuS+gt4jVPNyUNCZb0RqmkdssMrW8QNNysJYvhgAY/JBJH8Qv7NVUf11MiwfSlA==
